-------------------------------
v. 2023-07-20

Install pymeshlab package 

-------------------------------
v. 2023-07-16

Move to software with GUI to linuxserver/webtop 

-------------------------------
v. 2023-07-06.1

Update to Slicer 5.2.2

Move to software with GUI for singularity container 

-------------------------------
v. 20230103

Docker container built on stevepieper/slicer:5.0.3

Slicer extensions added to stevepieper/slicer:5.0.3:

- SlicerDcm2nii,
- Sandbox,
- RawImageGuess,
- SurfaceWrapSolidify,
- MarkupsToModel,
- SegmentEditorExtraEffects,
- SlicerIGT,
- Auto3dgm,
- SlicerMorph
- SegmentMesher

Python packages installed:

- notebook
- jupyterhub
- jupyterlab
- scikit-image
- pyvista
- trimesh
- aicsimageio
- aicspylibczi
- matplotlib